<?xml version="1.0" encoding="UTF-8"?>
<!-- Generated by org.testng.reporters.JUnitXMLReporter -->
<testsuite ignored="4" hostname="DESKTOP-E9Q4G78" failures="0" tests="1" name="Default test" time="52.665" errors="0" timestamp="2025-01-06T15:20:25 IST">
  <testcase classname="com.test.Test_ServiceSubMenuKTNL" name="AdditionalEnquiry" time="52.476"/>
  <testcase classname="com.test.Test_ServiceSubMenuKTNL" name="RecurringDeposit" time="0.0">
    <ignored/>
  </testcase> <!-- RecurringDeposit -->
  <testcase classname="com.test.Test_ServiceSubMenuKTNL" name="SavingsAccount" time="0.0">
    <ignored/>
  </testcase> <!-- SavingsAccount -->
  <testcase classname="com.test.Test_ServiceSubMenuKTNL" name="FixedDeposit" time="0.0">
    <ignored/>
  </testcase> <!-- FixedDeposit -->
  <testcase classname="com.test.Test_ServiceSubMenuKTNL" name="WeOffer" time="0.0">
    <ignored/>
  </testcase> <!-- WeOffer -->
</testsuite> <!-- Default test -->
