<?xml version="1.0" encoding="UTF-8"?>
<testng-results ignored="0" total="1" passed="1" failed="0" skipped="0">
  <reporter-output>
  </reporter-output>
  <suite started-at="2025-01-24T17:48:05 IST" name="Default suite" finished-at="2025-01-24T17:48:13 IST" duration-ms="8249">
    <groups>
    </groups>
    <test started-at="2025-01-24T17:48:05 IST" name="Default test" finished-at="2025-01-24T17:48:13 IST" duration-ms="8249">
      <class name="com.SS.Test_DBMyprofile">
        <test-method signature="Myprofile1()[pri:0, instance:com.SS.Test_DBMyprofile@2b71e916]" started-at="2025-01-24T17:48:05 IST" name="Myprofile1" finished-at="2025-01-24T17:48:13 IST" duration-ms="8213" status="PASS">
          <reporter-output>
          </reporter-output>
        </test-method> <!-- Myprofile1 -->
      </class> <!-- com.SS.Test_DBMyprofile -->
    </test> <!-- Default test -->
  </suite> <!-- Default suite -->
</testng-results>
