<?xml version="1.0" encoding="UTF-8"?>
<testng-results ignored="0" total="1" passed="1" failed="0" skipped="0">
  <reporter-output>
  </reporter-output>
  <suite started-at="2025-01-27T09:30:24 IST" name="Default suite" finished-at="2025-01-27T09:30:34 IST" duration-ms="10561">
    <groups>
    </groups>
    <test started-at="2025-01-27T09:30:24 IST" name="Default test" finished-at="2025-01-27T09:30:34 IST" duration-ms="10561">
      <class name="com.Crm.Test_Member_CreateMembe">
        <test-method signature="MemCreatwThiyagarajan()[pri:0, instance:com.Crm.Test_Member_CreateMembe@2b71e916]" started-at="2025-01-27T09:30:24 IST" name="MemCreatwThiyagarajan" finished-at="2025-01-27T09:30:34 IST" duration-ms="10526" status="PASS">
          <reporter-output>
          </reporter-output>
        </test-method> <!-- MemCreatwThiyagarajan -->
      </class> <!-- com.Crm.Test_Member_CreateMembe -->
    </test> <!-- Default test -->
  </suite> <!-- Default suite -->
</testng-results>
