<?xml version="1.0" encoding="UTF-8"?>
<!-- Generated by org.testng.reporters.JUnitXMLReporter -->
<testsuite ignored="4" hostname="DESKTOP-H05C8H6" failures="0" tests="1" name="Default test" time="14.519" errors="0" timestamp="2025-02-10T18:22:11 IST">
  <testcase classname="com.Crm.Test_DummyLogin" name="Orginal" time="14.474"/>
  <testcase classname="com.Crm.Test_DummyLogin" name="clientvaira" time="0.0">
    <ignored/>
  </testcase> <!-- clientvaira -->
  <testcase classname="com.Crm.Test_DummyLogin" name="client4" time="0.0">
    <ignored/>
  </testcase> <!-- client4 -->
  <testcase classname="com.Crm.Test_DummyLogin" name="client3" time="0.0">
    <ignored/>
  </testcase> <!-- client3 -->
  <testcase classname="com.Crm.Test_DummyLogin" name="clientSowbranika" time="0.0">
    <ignored/>
  </testcase> <!-- clientSowbranika -->
</testsuite> <!-- Default test -->
