<?xml version="1.0" encoding="UTF-8"?>
<testng-results ignored="0" total="1" passed="1" failed="0" skipped="0">
  <reporter-output>
  </reporter-output>
  <suite started-at="2025-01-06T15:19:32 IST" name="Default suite" finished-at="2025-01-06T15:20:25 IST" duration-ms="52665">
    <groups>
    </groups>
    <test started-at="2025-01-06T15:19:32 IST" name="Default test" finished-at="2025-01-06T15:20:25 IST" duration-ms="52665">
      <class name="com.test.Test_ServiceSubMenuKTNL">
        <test-method signature="AdditionalEnquiry()[pri:0, instance:com.test.Test_ServiceSubMenuKTNL@2034b64c]" started-at="2025-01-06T15:19:32 IST" name="AdditionalEnquiry" finished-at="2025-01-06T15:20:25 IST" duration-ms="52476" status="PASS">
          <reporter-output>
          </reporter-output>
        </test-method> <!-- AdditionalEnquiry -->
      </class> <!-- com.test.Test_ServiceSubMenuKTNL -->
    </test> <!-- Default test -->
  </suite> <!-- Default suite -->
</testng-results>
