<?xml version="1.0" encoding="UTF-8"?>
<testng-results ignored="0" total="1" passed="1" failed="0" skipped="0">
  <reporter-output>
  </reporter-output>
  <suite started-at="2025-02-10T18:21:56 IST" name="Default suite" finished-at="2025-02-10T18:22:11 IST" duration-ms="14519">
    <groups>
    </groups>
    <test started-at="2025-02-10T18:21:56 IST" name="Default test" finished-at="2025-02-10T18:22:11 IST" duration-ms="14519">
      <class name="com.Crm.Test_DummyLogin">
        <test-method signature="Orginal()[pri:0, instance:com.Crm.Test_DummyLogin@3754a4bf]" started-at="2025-02-10T18:21:56 IST" name="Orginal" finished-at="2025-02-10T18:22:11 IST" duration-ms="14474" status="PASS">
          <reporter-output>
          </reporter-output>
        </test-method> <!-- Orginal -->
      </class> <!-- com.Crm.Test_DummyLogin -->
    </test> <!-- Default test -->
  </suite> <!-- Default suite -->
</testng-results>
